======================================================================
ОЦЕНКА ПАРАМЕТРОВ КРИВОЙ УСТАЛОСТИ (method='lm')
======================================================================
Дата: 2026-05-20 15:07:09
Уровней: 5
Образцов: 109


======================================================================
РЕЗУЛЬТАТ ДЛЯ ku=1 (sigma = sigma_inf + C * N^(-m))
======================================================================
ВЕСА:
  Weight[0] = 1532.8829
  Weight[1] = 1027.8929
  Weight[2] = 505.8477
  Weight[3] = 185.4999
  Weight[4] = 46.0190

НАЧАЛЬНЫЕ ПАРАМЕТРЫ:
  sigma_inf = 105.0000 МПа (0.5 * σ_min)
  log10(C)  = 3.0789
  C         = 1199.1281
  m         = 0.160390

СТАТУС ОПТИМИЗАЦИИ:
  УСПЕШНО (ier=1: Both actual and predicted relative reductions in the sum of squares
  are at most 0.000000)
  Количество вызовов функции (nfev) = 60

ФИНАЛЬНЫЕ ПАРАМЕТРЫ:
  sigma_inf = 181.53 МПа
  log10(C)  = 3.5113
  C         = 3245.3383
  m         = 0.2939
  Q         = 0.0009876

СТАНДАРТНЫЕ ОШИБКИ ПАРАМЕТРОВ:
  se(sigma_inf) = 5.514398e+00
  se(C)         = 9.101160e+02
  se(m)         = 2.834135e-02

КОВАРИАЦИОННАЯ МАТРИЦА:
       [sigma_inf        C            m     ]
      [3.040859e+01 4.771351e+03 1.520629e-01]
      [4.771351e+03 8.283111e+05 2.568600e+01]
      [1.520629e-01 2.568600e+01 8.032321e-04]

СРАВНЕНИЕ:
i       σ(МПа)      lgN_exp     lgN_calc    σ_calc(МПа)      Невязка
----------------------------------------------------------------------
1        330.0     4.530724     4.557410         332.71 2.668589e-02
2        285.0     5.134938     5.090917         281.96 -4.402149e-02
3        254.0     5.619119     5.617042         253.90 -2.077260e-03
4        228.0     6.243595     6.273547         228.95 2.995150e-02
5        210.0     7.007919     6.997380         209.80 -1.053864e-02


======================================================================
АМПЛИТУДЫ НАПРЯЖЕНИЙ ДЛЯ БАЗОВЫХ ДОЛГОВЕЧНОСТЕЙ:
i       lg(N0)      σ(lgN0) (МПа)
-----------------------------------
1        5.000        291.5671965
2        6.000        237.4522749
3        7.000        209.9495515
4        7.699        199.2363367
5        8.000        195.9718947

======================================================================
